have_library: checking for BIO_read() in -llibcrypto... -------------------- no

"gcc -o conftest -I/home/jan/.rvm/rubies/ruby-3.0.0/include/ruby-3.0.0/x86_64-linux -I/home/jan/.rvm/rubies/ruby-3.0.0/include/ruby-3.0.0/ruby/backward -I/home/jan/.rvm/rubies/ruby-3.0.0/include/ruby-3.0.0 -I. -I/home/jan/.rvm/usr/include    -O3 -ggdb3 -Wall -Wextra -Wdeprecated-declarations -Wduplicated-cond -Wimplicit-function-declaration -Wimplicit-int -Wmisleading-indentation -Wpointer-arith -Wwrite-strings -Wimplicit-fallthrough=0 -Wmissing-noreturn -Wno-cast-function-type -Wno-constant-logical-operand -Wno-long-long -Wno-missing-field-initializers -Wno-overlength-strings -Wno-packed-bitfield-compat -Wno-parentheses-equality -Wno-self-assign -Wno-tautological-compare -Wno-unused-parameter -Wno-unused-value -Wsuggest-attribute=format -Wsuggest-attribute=noreturn -Wunused-variable  -fPIC conftest.c  -L. -L/home/jan/.rvm/rubies/ruby-3.0.0/lib -Wl,-rpath,/home/jan/.rvm/rubies/ruby-3.0.0/lib -L/home/jan/.rvm/usr/lib -Wl,-rpath,/home/jan/.rvm/usr/lib -L. -fstack-protector-strong -rdynamic -Wl,-export-dynamic     -Wl,-rpath,/home/jan/.rvm/rubies/ruby-3.0.0/lib -L/home/jan/.rvm/rubies/ruby-3.0.0/lib -lruby  -lm   -lc"
checked program was:
/* begin */
1: #include "ruby.h"
2: 
3: int main(int argc, char **argv)
4: {
5:   return !!argv[argc];
6: }
/* end */

"gcc -o conftest -I/home/jan/.rvm/rubies/ruby-3.0.0/include/ruby-3.0.0/x86_64-linux -I/home/jan/.rvm/rubies/ruby-3.0.0/include/ruby-3.0.0/ruby/backward -I/home/jan/.rvm/rubies/ruby-3.0.0/include/ruby-3.0.0 -I. -I/home/jan/.rvm/usr/include    -O3 -ggdb3 -Wall -Wextra -Wdeprecated-declarations -Wduplicated-cond -Wimplicit-function-declaration -Wimplicit-int -Wmisleading-indentation -Wpointer-arith -Wwrite-strings -Wimplicit-fallthrough=0 -Wmissing-noreturn -Wno-cast-function-type -Wno-constant-logical-operand -Wno-long-long -Wno-missing-field-initializers -Wno-overlength-strings -Wno-packed-bitfield-compat -Wno-parentheses-equality -Wno-self-assign -Wno-tautological-compare -Wno-unused-parameter -Wno-unused-value -Wsuggest-attribute=format -Wsuggest-attribute=noreturn -Wunused-variable  -fPIC conftest.c  -L. -L/home/jan/.rvm/rubies/ruby-3.0.0/lib -Wl,-rpath,/home/jan/.rvm/rubies/ruby-3.0.0/lib -L/home/jan/.rvm/usr/lib -Wl,-rpath,/home/jan/.rvm/usr/lib -L. -fstack-protector-strong -rdynamic -Wl,-export-dynamic     -Wl,-rpath,/home/jan/.rvm/rubies/ruby-3.0.0/lib -L/home/jan/.rvm/rubies/ruby-3.0.0/lib -lruby -llibcrypto  -lm   -lc"
conftest.c: In function ‘t’:
conftest.c:14:57: error: ‘BIO_read’ undeclared (first use in this function)
   14 | int t(void) { void ((*volatile p)()); p = (void ((*)()))BIO_read; return !p; }
      |                                                         ^~~~~~~~
conftest.c:14:57: note: each undeclared identifier is reported only once for each function it appears in
conftest.c: At top level:
cc1: note: unrecognized command-line option ‘-Wno-self-assign’ may have been intended to silence earlier diagnostics
cc1: note: unrecognized command-line option ‘-Wno-parentheses-equality’ may have been intended to silence earlier diagnostics
cc1: note: unrecognized command-line option ‘-Wno-constant-logical-operand’ may have been intended to silence earlier diagnostics
checked program was:
/* begin */
 1: #include "ruby.h"
 2: 
 3: /*top*/
 4: extern int t(void);
 5: int main(int argc, char **argv)
 6: {
 7:   if (argc > 1000000) {
 8:     int (* volatile tp)(void)=(int (*)(void))&t;
 9:     printf("%d", (*tp)());
10:   }
11: 
12:   return !!argv[argc];
13: }
14: int t(void) { void ((*volatile p)()); p = (void ((*)()))BIO_read; return !p; }
/* end */

"gcc -o conftest -I/home/jan/.rvm/rubies/ruby-3.0.0/include/ruby-3.0.0/x86_64-linux -I/home/jan/.rvm/rubies/ruby-3.0.0/include/ruby-3.0.0/ruby/backward -I/home/jan/.rvm/rubies/ruby-3.0.0/include/ruby-3.0.0 -I. -I/home/jan/.rvm/usr/include    -O3 -ggdb3 -Wall -Wextra -Wdeprecated-declarations -Wduplicated-cond -Wimplicit-function-declaration -Wimplicit-int -Wmisleading-indentation -Wpointer-arith -Wwrite-strings -Wimplicit-fallthrough=0 -Wmissing-noreturn -Wno-cast-function-type -Wno-constant-logical-operand -Wno-long-long -Wno-missing-field-initializers -Wno-overlength-strings -Wno-packed-bitfield-compat -Wno-parentheses-equality -Wno-self-assign -Wno-tautological-compare -Wno-unused-parameter -Wno-unused-value -Wsuggest-attribute=format -Wsuggest-attribute=noreturn -Wunused-variable  -fPIC conftest.c  -L. -L/home/jan/.rvm/rubies/ruby-3.0.0/lib -Wl,-rpath,/home/jan/.rvm/rubies/ruby-3.0.0/lib -L/home/jan/.rvm/usr/lib -Wl,-rpath,/home/jan/.rvm/usr/lib -L. -fstack-protector-strong -rdynamic -Wl,-export-dynamic     -Wl,-rpath,/home/jan/.rvm/rubies/ruby-3.0.0/lib -L/home/jan/.rvm/rubies/ruby-3.0.0/lib -lruby -llibcrypto  -lm   -lc"
/usr/bin/ld: cannot find -llibcrypto: No such file or directory
/usr/bin/ld: note to link with /home/jan/.rvm/usr/lib/libcrypto.a use -l:libcrypto.a or rename it to liblibcrypto.a
collect2: error: ld returned 1 exit status
checked program was:
/* begin */
 1: #include "ruby.h"
 2: 
 3: /*top*/
 4: extern int t(void);
 5: int main(int argc, char **argv)
 6: {
 7:   if (argc > 1000000) {
 8:     int (* volatile tp)(void)=(int (*)(void))&t;
 9:     printf("%d", (*tp)());
10:   }
11: 
12:   return !!argv[argc];
13: }
14: extern void BIO_read();
15: int t(void) { BIO_read(); return 0; }
/* end */

--------------------

have_library: checking for BIO_read() in -lcrypto... -------------------- yes

"gcc -o conftest -I/home/jan/.rvm/rubies/ruby-3.0.0/include/ruby-3.0.0/x86_64-linux -I/home/jan/.rvm/rubies/ruby-3.0.0/include/ruby-3.0.0/ruby/backward -I/home/jan/.rvm/rubies/ruby-3.0.0/include/ruby-3.0.0 -I. -I/home/jan/.rvm/usr/include    -O3 -ggdb3 -Wall -Wextra -Wdeprecated-declarations -Wduplicated-cond -Wimplicit-function-declaration -Wimplicit-int -Wmisleading-indentation -Wpointer-arith -Wwrite-strings -Wimplicit-fallthrough=0 -Wmissing-noreturn -Wno-cast-function-type -Wno-constant-logical-operand -Wno-long-long -Wno-missing-field-initializers -Wno-overlength-strings -Wno-packed-bitfield-compat -Wno-parentheses-equality -Wno-self-assign -Wno-tautological-compare -Wno-unused-parameter -Wno-unused-value -Wsuggest-attribute=format -Wsuggest-attribute=noreturn -Wunused-variable  -fPIC conftest.c  -L. -L/home/jan/.rvm/rubies/ruby-3.0.0/lib -Wl,-rpath,/home/jan/.rvm/rubies/ruby-3.0.0/lib -L/home/jan/.rvm/usr/lib -Wl,-rpath,/home/jan/.rvm/usr/lib -L. -fstack-protector-strong -rdynamic -Wl,-export-dynamic     -Wl,-rpath,/home/jan/.rvm/rubies/ruby-3.0.0/lib -L/home/jan/.rvm/rubies/ruby-3.0.0/lib -lruby -lcrypto  -lm   -lc"
conftest.c: In function ‘t’:
conftest.c:14:57: error: ‘BIO_read’ undeclared (first use in this function)
   14 | int t(void) { void ((*volatile p)()); p = (void ((*)()))BIO_read; return !p; }
      |                                                         ^~~~~~~~
conftest.c:14:57: note: each undeclared identifier is reported only once for each function it appears in
conftest.c: At top level:
cc1: note: unrecognized command-line option ‘-Wno-self-assign’ may have been intended to silence earlier diagnostics
cc1: note: unrecognized command-line option ‘-Wno-parentheses-equality’ may have been intended to silence earlier diagnostics
cc1: note: unrecognized command-line option ‘-Wno-constant-logical-operand’ may have been intended to silence earlier diagnostics
checked program was:
/* begin */
 1: #include "ruby.h"
 2: 
 3: /*top*/
 4: extern int t(void);
 5: int main(int argc, char **argv)
 6: {
 7:   if (argc > 1000000) {
 8:     int (* volatile tp)(void)=(int (*)(void))&t;
 9:     printf("%d", (*tp)());
10:   }
11: 
12:   return !!argv[argc];
13: }
14: int t(void) { void ((*volatile p)()); p = (void ((*)()))BIO_read; return !p; }
/* end */

"gcc -o conftest -I/home/jan/.rvm/rubies/ruby-3.0.0/include/ruby-3.0.0/x86_64-linux -I/home/jan/.rvm/rubies/ruby-3.0.0/include/ruby-3.0.0/ruby/backward -I/home/jan/.rvm/rubies/ruby-3.0.0/include/ruby-3.0.0 -I. -I/home/jan/.rvm/usr/include    -O3 -ggdb3 -Wall -Wextra -Wdeprecated-declarations -Wduplicated-cond -Wimplicit-function-declaration -Wimplicit-int -Wmisleading-indentation -Wpointer-arith -Wwrite-strings -Wimplicit-fallthrough=0 -Wmissing-noreturn -Wno-cast-function-type -Wno-constant-logical-operand -Wno-long-long -Wno-missing-field-initializers -Wno-overlength-strings -Wno-packed-bitfield-compat -Wno-parentheses-equality -Wno-self-assign -Wno-tautological-compare -Wno-unused-parameter -Wno-unused-value -Wsuggest-attribute=format -Wsuggest-attribute=noreturn -Wunused-variable  -fPIC conftest.c  -L. -L/home/jan/.rvm/rubies/ruby-3.0.0/lib -Wl,-rpath,/home/jan/.rvm/rubies/ruby-3.0.0/lib -L/home/jan/.rvm/usr/lib -Wl,-rpath,/home/jan/.rvm/usr/lib -L. -fstack-protector-strong -rdynamic -Wl,-export-dynamic     -Wl,-rpath,/home/jan/.rvm/rubies/ruby-3.0.0/lib -L/home/jan/.rvm/rubies/ruby-3.0.0/lib -lruby -lcrypto  -lm   -lc"
checked program was:
/* begin */
 1: #include "ruby.h"
 2: 
 3: /*top*/
 4: extern int t(void);
 5: int main(int argc, char **argv)
 6: {
 7:   if (argc > 1000000) {
 8:     int (* volatile tp)(void)=(int (*)(void))&t;
 9:     printf("%d", (*tp)());
10:   }
11: 
12:   return !!argv[argc];
13: }
14: extern void BIO_read();
15: int t(void) { BIO_read(); return 0; }
/* end */

--------------------

have_library: checking for SSL_CTX_new() in -lssl... -------------------- yes

"gcc -o conftest -I/home/jan/.rvm/rubies/ruby-3.0.0/include/ruby-3.0.0/x86_64-linux -I/home/jan/.rvm/rubies/ruby-3.0.0/include/ruby-3.0.0/ruby/backward -I/home/jan/.rvm/rubies/ruby-3.0.0/include/ruby-3.0.0 -I. -I/home/jan/.rvm/usr/include    -O3 -ggdb3 -Wall -Wextra -Wdeprecated-declarations -Wduplicated-cond -Wimplicit-function-declaration -Wimplicit-int -Wmisleading-indentation -Wpointer-arith -Wwrite-strings -Wimplicit-fallthrough=0 -Wmissing-noreturn -Wno-cast-function-type -Wno-constant-logical-operand -Wno-long-long -Wno-missing-field-initializers -Wno-overlength-strings -Wno-packed-bitfield-compat -Wno-parentheses-equality -Wno-self-assign -Wno-tautological-compare -Wno-unused-parameter -Wno-unused-value -Wsuggest-attribute=format -Wsuggest-attribute=noreturn -Wunused-variable  -fPIC conftest.c  -L. -L/home/jan/.rvm/rubies/ruby-3.0.0/lib -Wl,-rpath,/home/jan/.rvm/rubies/ruby-3.0.0/lib -L/home/jan/.rvm/usr/lib -Wl,-rpath,/home/jan/.rvm/usr/lib -L. -fstack-protector-strong -rdynamic -Wl,-export-dynamic    -lcrypto  -Wl,-rpath,/home/jan/.rvm/rubies/ruby-3.0.0/lib -L/home/jan/.rvm/rubies/ruby-3.0.0/lib -lruby -lssl -lcrypto  -lm   -lc"
conftest.c: In function ‘t’:
conftest.c:14:57: error: ‘SSL_CTX_new’ undeclared (first use in this function)
   14 | int t(void) { void ((*volatile p)()); p = (void ((*)()))SSL_CTX_new; return !p; }
      |                                                         ^~~~~~~~~~~
conftest.c:14:57: note: each undeclared identifier is reported only once for each function it appears in
conftest.c: At top level:
cc1: note: unrecognized command-line option ‘-Wno-self-assign’ may have been intended to silence earlier diagnostics
cc1: note: unrecognized command-line option ‘-Wno-parentheses-equality’ may have been intended to silence earlier diagnostics
cc1: note: unrecognized command-line option ‘-Wno-constant-logical-operand’ may have been intended to silence earlier diagnostics
checked program was:
/* begin */
 1: #include "ruby.h"
 2: 
 3: /*top*/
 4: extern int t(void);
 5: int main(int argc, char **argv)
 6: {
 7:   if (argc > 1000000) {
 8:     int (* volatile tp)(void)=(int (*)(void))&t;
 9:     printf("%d", (*tp)());
10:   }
11: 
12:   return !!argv[argc];
13: }
14: int t(void) { void ((*volatile p)()); p = (void ((*)()))SSL_CTX_new; return !p; }
/* end */

"gcc -o conftest -I/home/jan/.rvm/rubies/ruby-3.0.0/include/ruby-3.0.0/x86_64-linux -I/home/jan/.rvm/rubies/ruby-3.0.0/include/ruby-3.0.0/ruby/backward -I/home/jan/.rvm/rubies/ruby-3.0.0/include/ruby-3.0.0 -I. -I/home/jan/.rvm/usr/include    -O3 -ggdb3 -Wall -Wextra -Wdeprecated-declarations -Wduplicated-cond -Wimplicit-function-declaration -Wimplicit-int -Wmisleading-indentation -Wpointer-arith -Wwrite-strings -Wimplicit-fallthrough=0 -Wmissing-noreturn -Wno-cast-function-type -Wno-constant-logical-operand -Wno-long-long -Wno-missing-field-initializers -Wno-overlength-strings -Wno-packed-bitfield-compat -Wno-parentheses-equality -Wno-self-assign -Wno-tautological-compare -Wno-unused-parameter -Wno-unused-value -Wsuggest-attribute=format -Wsuggest-attribute=noreturn -Wunused-variable  -fPIC conftest.c  -L. -L/home/jan/.rvm/rubies/ruby-3.0.0/lib -Wl,-rpath,/home/jan/.rvm/rubies/ruby-3.0.0/lib -L/home/jan/.rvm/usr/lib -Wl,-rpath,/home/jan/.rvm/usr/lib -L. -fstack-protector-strong -rdynamic -Wl,-export-dynamic    -lcrypto  -Wl,-rpath,/home/jan/.rvm/rubies/ruby-3.0.0/lib -L/home/jan/.rvm/rubies/ruby-3.0.0/lib -lruby -lssl -lcrypto  -lm   -lc"
checked program was:
/* begin */
 1: #include "ruby.h"
 2: 
 3: /*top*/
 4: extern int t(void);
 5: int main(int argc, char **argv)
 6: {
 7:   if (argc > 1000000) {
 8:     int (* volatile tp)(void)=(int (*)(void))&t;
 9:     printf("%d", (*tp)());
10:   }
11: 
12:   return !!argv[argc];
13: }
14: extern void SSL_CTX_new();
15: int t(void) { SSL_CTX_new(); return 0; }
/* end */

--------------------

have_header: checking for openssl/bio.h... -------------------- yes

"gcc -E -I/home/jan/.rvm/rubies/ruby-3.0.0/include/ruby-3.0.0/x86_64-linux -I/home/jan/.rvm/rubies/ruby-3.0.0/include/ruby-3.0.0/ruby/backward -I/home/jan/.rvm/rubies/ruby-3.0.0/include/ruby-3.0.0 -I. -I/home/jan/.rvm/usr/include    -O3 -ggdb3 -Wall -Wextra -Wdeprecated-declarations -Wduplicated-cond -Wimplicit-function-declaration -Wimplicit-int -Wmisleading-indentation -Wpointer-arith -Wwrite-strings -Wimplicit-fallthrough=0 -Wmissing-noreturn -Wno-cast-function-type -Wno-constant-logical-operand -Wno-long-long -Wno-missing-field-initializers -Wno-overlength-strings -Wno-packed-bitfield-compat -Wno-parentheses-equality -Wno-self-assign -Wno-tautological-compare -Wno-unused-parameter -Wno-unused-value -Wsuggest-attribute=format -Wsuggest-attribute=noreturn -Wunused-variable  -fPIC  conftest.c -o conftest.i"
checked program was:
/* begin */
1: #include "ruby.h"
2: 
3: #include <openssl/bio.h>
/* end */

--------------------

have_func: checking for DTLS_method() in openssl/ssl.h... -------------------- no

"gcc -o conftest -I/home/jan/.rvm/rubies/ruby-3.0.0/include/ruby-3.0.0/x86_64-linux -I/home/jan/.rvm/rubies/ruby-3.0.0/include/ruby-3.0.0/ruby/backward -I/home/jan/.rvm/rubies/ruby-3.0.0/include/ruby-3.0.0 -I. -I/home/jan/.rvm/usr/include    -O3 -ggdb3 -Wall -Wextra -Wdeprecated-declarations -Wduplicated-cond -Wimplicit-function-declaration -Wimplicit-int -Wmisleading-indentation -Wpointer-arith -Wwrite-strings -Wimplicit-fallthrough=0 -Wmissing-noreturn -Wno-cast-function-type -Wno-constant-logical-operand -Wno-long-long -Wno-missing-field-initializers -Wno-overlength-strings -Wno-packed-bitfield-compat -Wno-parentheses-equality -Wno-self-assign -Wno-tautological-compare -Wno-unused-parameter -Wno-unused-value -Wsuggest-attribute=format -Wsuggest-attribute=noreturn -Wunused-variable  -fPIC conftest.c  -L. -L/home/jan/.rvm/rubies/ruby-3.0.0/lib -Wl,-rpath,/home/jan/.rvm/rubies/ruby-3.0.0/lib -L/home/jan/.rvm/usr/lib -Wl,-rpath,/home/jan/.rvm/usr/lib -L. -fstack-protector-strong -rdynamic -Wl,-export-dynamic    -lssl -lcrypto  -Wl,-rpath,/home/jan/.rvm/rubies/ruby-3.0.0/lib -L/home/jan/.rvm/rubies/ruby-3.0.0/lib -lruby -lssl -lcrypto  -lm   -lc"
conftest.c: In function ‘t’:
conftest.c:16:57: error: ‘DTLS_method’ undeclared (first use in this function); did you mean ‘DTLSv1_method’?
   16 | int t(void) { void ((*volatile p)()); p = (void ((*)()))DTLS_method; return !p; }
      |                                                         ^~~~~~~~~~~
      |                                                         DTLSv1_method
conftest.c:16:57: note: each undeclared identifier is reported only once for each function it appears in
conftest.c: At top level:
cc1: note: unrecognized command-line option ‘-Wno-self-assign’ may have been intended to silence earlier diagnostics
cc1: note: unrecognized command-line option ‘-Wno-parentheses-equality’ may have been intended to silence earlier diagnostics
cc1: note: unrecognized command-line option ‘-Wno-constant-logical-operand’ may have been intended to silence earlier diagnostics
checked program was:
/* begin */
 1: #include "ruby.h"
 2: 
 3: #include <openssl/ssl.h>
 4: 
 5: /*top*/
 6: extern int t(void);
 7: int main(int argc, char **argv)
 8: {
 9:   if (argc > 1000000) {
10:     int (* volatile tp)(void)=(int (*)(void))&t;
11:     printf("%d", (*tp)());
12:   }
13: 
14:   return !!argv[argc];
15: }
16: int t(void) { void ((*volatile p)()); p = (void ((*)()))DTLS_method; return !p; }
/* end */

"gcc -o conftest -I/home/jan/.rvm/rubies/ruby-3.0.0/include/ruby-3.0.0/x86_64-linux -I/home/jan/.rvm/rubies/ruby-3.0.0/include/ruby-3.0.0/ruby/backward -I/home/jan/.rvm/rubies/ruby-3.0.0/include/ruby-3.0.0 -I. -I/home/jan/.rvm/usr/include    -O3 -ggdb3 -Wall -Wextra -Wdeprecated-declarations -Wduplicated-cond -Wimplicit-function-declaration -Wimplicit-int -Wmisleading-indentation -Wpointer-arith -Wwrite-strings -Wimplicit-fallthrough=0 -Wmissing-noreturn -Wno-cast-function-type -Wno-constant-logical-operand -Wno-long-long -Wno-missing-field-initializers -Wno-overlength-strings -Wno-packed-bitfield-compat -Wno-parentheses-equality -Wno-self-assign -Wno-tautological-compare -Wno-unused-parameter -Wno-unused-value -Wsuggest-attribute=format -Wsuggest-attribute=noreturn -Wunused-variable  -fPIC conftest.c  -L. -L/home/jan/.rvm/rubies/ruby-3.0.0/lib -Wl,-rpath,/home/jan/.rvm/rubies/ruby-3.0.0/lib -L/home/jan/.rvm/usr/lib -Wl,-rpath,/home/jan/.rvm/usr/lib -L. -fstack-protector-strong -rdynamic -Wl,-export-dynamic    -lssl -lcrypto  -Wl,-rpath,/home/jan/.rvm/rubies/ruby-3.0.0/lib -L/home/jan/.rvm/rubies/ruby-3.0.0/lib -lruby -lssl -lcrypto  -lm   -lc"
/usr/bin/ld: /tmp/ccDKNXod.o: in function `t':
/home/jan/projeto pessoal/todo_list/vendor/bundle/ruby/3.0.0/gems/puma-6.4.2/ext/puma_http11/conftest.c:17: undefined reference to `DTLS_method'
collect2: error: ld returned 1 exit status
checked program was:
/* begin */
 1: #include "ruby.h"
 2: 
 3: #include <openssl/ssl.h>
 4: 
 5: /*top*/
 6: extern int t(void);
 7: int main(int argc, char **argv)
 8: {
 9:   if (argc > 1000000) {
10:     int (* volatile tp)(void)=(int (*)(void))&t;
11:     printf("%d", (*tp)());
12:   }
13: 
14:   return !!argv[argc];
15: }
16: extern void DTLS_method();
17: int t(void) { DTLS_method(); return 0; }
/* end */

--------------------

have_func: checking for SSL_CTX_set_session_cache_mode(NULL, 0) in openssl/ssl.h... -------------------- yes

"gcc -o conftest -I/home/jan/.rvm/rubies/ruby-3.0.0/include/ruby-3.0.0/x86_64-linux -I/home/jan/.rvm/rubies/ruby-3.0.0/include/ruby-3.0.0/ruby/backward -I/home/jan/.rvm/rubies/ruby-3.0.0/include/ruby-3.0.0 -I. -I/home/jan/.rvm/usr/include    -O3 -ggdb3 -Wall -Wextra -Wdeprecated-declarations -Wduplicated-cond -Wimplicit-function-declaration -Wimplicit-int -Wmisleading-indentation -Wpointer-arith -Wwrite-strings -Wimplicit-fallthrough=0 -Wmissing-noreturn -Wno-cast-function-type -Wno-constant-logical-operand -Wno-long-long -Wno-missing-field-initializers -Wno-overlength-strings -Wno-packed-bitfield-compat -Wno-parentheses-equality -Wno-self-assign -Wno-tautological-compare -Wno-unused-parameter -Wno-unused-value -Wsuggest-attribute=format -Wsuggest-attribute=noreturn -Wunused-variable  -fPIC conftest.c  -L. -L/home/jan/.rvm/rubies/ruby-3.0.0/lib -Wl,-rpath,/home/jan/.rvm/rubies/ruby-3.0.0/lib -L/home/jan/.rvm/usr/lib -Wl,-rpath,/home/jan/.rvm/usr/lib -L. -fstack-protector-strong -rdynamic -Wl,-export-dynamic    -lssl -lcrypto  -Wl,-rpath,/home/jan/.rvm/rubies/ruby-3.0.0/lib -L/home/jan/.rvm/rubies/ruby-3.0.0/lib -lruby -lssl -lcrypto  -lm   -lc"
checked program was:
/* begin */
 1: #include "ruby.h"
 2: 
 3: #include <openssl/ssl.h>
 4: 
 5: /*top*/
 6: extern int t(void);
 7: int main(int argc, char **argv)
 8: {
 9:   if (argc > 1000000) {
10:     int (* volatile tp)(void)=(int (*)(void))&t;
11:     printf("%d", (*tp)());
12:   }
13: 
14:   return !!argv[argc];
15: }
16: 
17: int t(void) { SSL_CTX_set_session_cache_mode(NULL, 0); return 0; }
/* end */

--------------------

have_func: checking for TLS_server_method() in openssl/ssl.h... -------------------- no

"gcc -o conftest -I/home/jan/.rvm/rubies/ruby-3.0.0/include/ruby-3.0.0/x86_64-linux -I/home/jan/.rvm/rubies/ruby-3.0.0/include/ruby-3.0.0/ruby/backward -I/home/jan/.rvm/rubies/ruby-3.0.0/include/ruby-3.0.0 -I. -I/home/jan/.rvm/usr/include    -O3 -ggdb3 -Wall -Wextra -Wdeprecated-declarations -Wduplicated-cond -Wimplicit-function-declaration -Wimplicit-int -Wmisleading-indentation -Wpointer-arith -Wwrite-strings -Wimplicit-fallthrough=0 -Wmissing-noreturn -Wno-cast-function-type -Wno-constant-logical-operand -Wno-long-long -Wno-missing-field-initializers -Wno-overlength-strings -Wno-packed-bitfield-compat -Wno-parentheses-equality -Wno-self-assign -Wno-tautological-compare -Wno-unused-parameter -Wno-unused-value -Wsuggest-attribute=format -Wsuggest-attribute=noreturn -Wunused-variable  -fPIC conftest.c  -L. -L/home/jan/.rvm/rubies/ruby-3.0.0/lib -Wl,-rpath,/home/jan/.rvm/rubies/ruby-3.0.0/lib -L/home/jan/.rvm/usr/lib -Wl,-rpath,/home/jan/.rvm/usr/lib -L. -fstack-protector-strong -rdynamic -Wl,-export-dynamic    -lssl -lcrypto  -Wl,-rpath,/home/jan/.rvm/rubies/ruby-3.0.0/lib -L/home/jan/.rvm/rubies/ruby-3.0.0/lib -lruby -lssl -lcrypto  -lm   -lc"
conftest.c: In function ‘t’:
conftest.c:16:57: error: ‘TLS_server_method’ undeclared (first use in this function); did you mean ‘TLSv1_server_method’?
   16 | int t(void) { void ((*volatile p)()); p = (void ((*)()))TLS_server_method; return !p; }
      |                                                         ^~~~~~~~~~~~~~~~~
      |                                                         TLSv1_server_method
conftest.c:16:57: note: each undeclared identifier is reported only once for each function it appears in
conftest.c: At top level:
cc1: note: unrecognized command-line option ‘-Wno-self-assign’ may have been intended to silence earlier diagnostics
cc1: note: unrecognized command-line option ‘-Wno-parentheses-equality’ may have been intended to silence earlier diagnostics
cc1: note: unrecognized command-line option ‘-Wno-constant-logical-operand’ may have been intended to silence earlier diagnostics
checked program was:
/* begin */
 1: #include "ruby.h"
 2: 
 3: #include <openssl/ssl.h>
 4: 
 5: /*top*/
 6: extern int t(void);
 7: int main(int argc, char **argv)
 8: {
 9:   if (argc > 1000000) {
10:     int (* volatile tp)(void)=(int (*)(void))&t;
11:     printf("%d", (*tp)());
12:   }
13: 
14:   return !!argv[argc];
15: }
16: int t(void) { void ((*volatile p)()); p = (void ((*)()))TLS_server_method; return !p; }
/* end */

"gcc -o conftest -I/home/jan/.rvm/rubies/ruby-3.0.0/include/ruby-3.0.0/x86_64-linux -I/home/jan/.rvm/rubies/ruby-3.0.0/include/ruby-3.0.0/ruby/backward -I/home/jan/.rvm/rubies/ruby-3.0.0/include/ruby-3.0.0 -I. -I/home/jan/.rvm/usr/include    -O3 -ggdb3 -Wall -Wextra -Wdeprecated-declarations -Wduplicated-cond -Wimplicit-function-declaration -Wimplicit-int -Wmisleading-indentation -Wpointer-arith -Wwrite-strings -Wimplicit-fallthrough=0 -Wmissing-noreturn -Wno-cast-function-type -Wno-constant-logical-operand -Wno-long-long -Wno-missing-field-initializers -Wno-overlength-strings -Wno-packed-bitfield-compat -Wno-parentheses-equality -Wno-self-assign -Wno-tautological-compare -Wno-unused-parameter -Wno-unused-value -Wsuggest-attribute=format -Wsuggest-attribute=noreturn -Wunused-variable  -fPIC conftest.c  -L. -L/home/jan/.rvm/rubies/ruby-3.0.0/lib -Wl,-rpath,/home/jan/.rvm/rubies/ruby-3.0.0/lib -L/home/jan/.rvm/usr/lib -Wl,-rpath,/home/jan/.rvm/usr/lib -L. -fstack-protector-strong -rdynamic -Wl,-export-dynamic    -lssl -lcrypto  -Wl,-rpath,/home/jan/.rvm/rubies/ruby-3.0.0/lib -L/home/jan/.rvm/rubies/ruby-3.0.0/lib -lruby -lssl -lcrypto  -lm   -lc"
/usr/bin/ld: /tmp/ccSwMUd5.o: in function `t':
/home/jan/projeto pessoal/todo_list/vendor/bundle/ruby/3.0.0/gems/puma-6.4.2/ext/puma_http11/conftest.c:17: undefined reference to `TLS_server_method'
collect2: error: ld returned 1 exit status
checked program was:
/* begin */
 1: #include "ruby.h"
 2: 
 3: #include <openssl/ssl.h>
 4: 
 5: /*top*/
 6: extern int t(void);
 7: int main(int argc, char **argv)
 8: {
 9:   if (argc > 1000000) {
10:     int (* volatile tp)(void)=(int (*)(void))&t;
11:     printf("%d", (*tp)());
12:   }
13: 
14:   return !!argv[argc];
15: }
16: extern void TLS_server_method();
17: int t(void) { TLS_server_method(); return 0; }
/* end */

--------------------

have_func: checking for SSL_CTX_set_min_proto_version(NULL, 0) in openssl/ssl.h... -------------------- no

"gcc -o conftest -I/home/jan/.rvm/rubies/ruby-3.0.0/include/ruby-3.0.0/x86_64-linux -I/home/jan/.rvm/rubies/ruby-3.0.0/include/ruby-3.0.0/ruby/backward -I/home/jan/.rvm/rubies/ruby-3.0.0/include/ruby-3.0.0 -I. -I/home/jan/.rvm/usr/include    -O3 -ggdb3 -Wall -Wextra -Wdeprecated-declarations -Wduplicated-cond -Wimplicit-function-declaration -Wimplicit-int -Wmisleading-indentation -Wpointer-arith -Wwrite-strings -Wimplicit-fallthrough=0 -Wmissing-noreturn -Wno-cast-function-type -Wno-constant-logical-operand -Wno-long-long -Wno-missing-field-initializers -Wno-overlength-strings -Wno-packed-bitfield-compat -Wno-parentheses-equality -Wno-self-assign -Wno-tautological-compare -Wno-unused-parameter -Wno-unused-value -Wsuggest-attribute=format -Wsuggest-attribute=noreturn -Wunused-variable  -fPIC conftest.c  -L. -L/home/jan/.rvm/rubies/ruby-3.0.0/lib -Wl,-rpath,/home/jan/.rvm/rubies/ruby-3.0.0/lib -L/home/jan/.rvm/usr/lib -Wl,-rpath,/home/jan/.rvm/usr/lib -L. -fstack-protector-strong -rdynamic -Wl,-export-dynamic    -lssl -lcrypto  -Wl,-rpath,/home/jan/.rvm/rubies/ruby-3.0.0/lib -L/home/jan/.rvm/rubies/ruby-3.0.0/lib -lruby -lssl -lcrypto  -lm   -lc"
conftest.c: In function ‘t’:
conftest.c:17:15: warning: implicit declaration of function ‘SSL_CTX_set_min_proto_version’; did you mean ‘SSL_CTX_set_ssl_version’? [-Wimplicit-function-declaration]
   17 | int t(void) { SSL_CTX_set_min_proto_version(NULL, 0); return 0; }
      |               ^~~~~~~~~~~~~~~~~~~~~~~~~~~~~
      |               SSL_CTX_set_ssl_version
conftest.c: At top level:
cc1: note: unrecognized command-line option ‘-Wno-self-assign’ may have been intended to silence earlier diagnostics
cc1: note: unrecognized command-line option ‘-Wno-parentheses-equality’ may have been intended to silence earlier diagnostics
cc1: note: unrecognized command-line option ‘-Wno-constant-logical-operand’ may have been intended to silence earlier diagnostics
/usr/bin/ld: /tmp/ccDFCp1F.o: in function `t':
/home/jan/projeto pessoal/todo_list/vendor/bundle/ruby/3.0.0/gems/puma-6.4.2/ext/puma_http11/conftest.c:17: undefined reference to `SSL_CTX_set_min_proto_version'
collect2: error: ld returned 1 exit status
checked program was:
/* begin */
 1: #include "ruby.h"
 2: 
 3: #include <openssl/ssl.h>
 4: 
 5: /*top*/
 6: extern int t(void);
 7: int main(int argc, char **argv)
 8: {
 9:   if (argc > 1000000) {
10:     int (* volatile tp)(void)=(int (*)(void))&t;
11:     printf("%d", (*tp)());
12:   }
13: 
14:   return !!argv[argc];
15: }
16: 
17: int t(void) { SSL_CTX_set_min_proto_version(NULL, 0); return 0; }
/* end */

--------------------

have_func: checking for X509_STORE_up_ref()... -------------------- no

"gcc -o conftest -I/home/jan/.rvm/rubies/ruby-3.0.0/include/ruby-3.0.0/x86_64-linux -I/home/jan/.rvm/rubies/ruby-3.0.0/include/ruby-3.0.0/ruby/backward -I/home/jan/.rvm/rubies/ruby-3.0.0/include/ruby-3.0.0 -I. -I/home/jan/.rvm/usr/include    -O3 -ggdb3 -Wall -Wextra -Wdeprecated-declarations -Wduplicated-cond -Wimplicit-function-declaration -Wimplicit-int -Wmisleading-indentation -Wpointer-arith -Wwrite-strings -Wimplicit-fallthrough=0 -Wmissing-noreturn -Wno-cast-function-type -Wno-constant-logical-operand -Wno-long-long -Wno-missing-field-initializers -Wno-overlength-strings -Wno-packed-bitfield-compat -Wno-parentheses-equality -Wno-self-assign -Wno-tautological-compare -Wno-unused-parameter -Wno-unused-value -Wsuggest-attribute=format -Wsuggest-attribute=noreturn -Wunused-variable  -fPIC conftest.c  -L. -L/home/jan/.rvm/rubies/ruby-3.0.0/lib -Wl,-rpath,/home/jan/.rvm/rubies/ruby-3.0.0/lib -L/home/jan/.rvm/usr/lib -Wl,-rpath,/home/jan/.rvm/usr/lib -L. -fstack-protector-strong -rdynamic -Wl,-export-dynamic    -lssl -lcrypto  -Wl,-rpath,/home/jan/.rvm/rubies/ruby-3.0.0/lib -L/home/jan/.rvm/rubies/ruby-3.0.0/lib -lruby -lssl -lcrypto  -lm   -lc"
conftest.c: In function ‘t’:
conftest.c:14:57: error: ‘X509_STORE_up_ref’ undeclared (first use in this function)
   14 | int t(void) { void ((*volatile p)()); p = (void ((*)()))X509_STORE_up_ref; return !p; }
      |                                                         ^~~~~~~~~~~~~~~~~
conftest.c:14:57: note: each undeclared identifier is reported only once for each function it appears in
conftest.c: At top level:
cc1: note: unrecognized command-line option ‘-Wno-self-assign’ may have been intended to silence earlier diagnostics
cc1: note: unrecognized command-line option ‘-Wno-parentheses-equality’ may have been intended to silence earlier diagnostics
cc1: note: unrecognized command-line option ‘-Wno-constant-logical-operand’ may have been intended to silence earlier diagnostics
checked program was:
/* begin */
 1: #include "ruby.h"
 2: 
 3: /*top*/
 4: extern int t(void);
 5: int main(int argc, char **argv)
 6: {
 7:   if (argc > 1000000) {
 8:     int (* volatile tp)(void)=(int (*)(void))&t;
 9:     printf("%d", (*tp)());
10:   }
11: 
12:   return !!argv[argc];
13: }
14: int t(void) { void ((*volatile p)()); p = (void ((*)()))X509_STORE_up_ref; return !p; }
/* end */

"gcc -o conftest -I/home/jan/.rvm/rubies/ruby-3.0.0/include/ruby-3.0.0/x86_64-linux -I/home/jan/.rvm/rubies/ruby-3.0.0/include/ruby-3.0.0/ruby/backward -I/home/jan/.rvm/rubies/ruby-3.0.0/include/ruby-3.0.0 -I. -I/home/jan/.rvm/usr/include    -O3 -ggdb3 -Wall -Wextra -Wdeprecated-declarations -Wduplicated-cond -Wimplicit-function-declaration -Wimplicit-int -Wmisleading-indentation -Wpointer-arith -Wwrite-strings -Wimplicit-fallthrough=0 -Wmissing-noreturn -Wno-cast-function-type -Wno-constant-logical-operand -Wno-long-long -Wno-missing-field-initializers -Wno-overlength-strings -Wno-packed-bitfield-compat -Wno-parentheses-equality -Wno-self-assign -Wno-tautological-compare -Wno-unused-parameter -Wno-unused-value -Wsuggest-attribute=format -Wsuggest-attribute=noreturn -Wunused-variable  -fPIC conftest.c  -L. -L/home/jan/.rvm/rubies/ruby-3.0.0/lib -Wl,-rpath,/home/jan/.rvm/rubies/ruby-3.0.0/lib -L/home/jan/.rvm/usr/lib -Wl,-rpath,/home/jan/.rvm/usr/lib -L. -fstack-protector-strong -rdynamic -Wl,-export-dynamic    -lssl -lcrypto  -Wl,-rpath,/home/jan/.rvm/rubies/ruby-3.0.0/lib -L/home/jan/.rvm/rubies/ruby-3.0.0/lib -lruby -lssl -lcrypto  -lm   -lc"
/usr/bin/ld: /tmp/ccq2Zyam.o: in function `t':
/home/jan/projeto pessoal/todo_list/vendor/bundle/ruby/3.0.0/gems/puma-6.4.2/ext/puma_http11/conftest.c:15: undefined reference to `X509_STORE_up_ref'
collect2: error: ld returned 1 exit status
checked program was:
/* begin */
 1: #include "ruby.h"
 2: 
 3: /*top*/
 4: extern int t(void);
 5: int main(int argc, char **argv)
 6: {
 7:   if (argc > 1000000) {
 8:     int (* volatile tp)(void)=(int (*)(void))&t;
 9:     printf("%d", (*tp)());
10:   }
11: 
12:   return !!argv[argc];
13: }
14: extern void X509_STORE_up_ref();
15: int t(void) { X509_STORE_up_ref(); return 0; }
/* end */

--------------------

have_func: checking for SSL_CTX_set_ecdh_auto(NULL, 0) in openssl/ssl.h... -------------------- no

"gcc -o conftest -I/home/jan/.rvm/rubies/ruby-3.0.0/include/ruby-3.0.0/x86_64-linux -I/home/jan/.rvm/rubies/ruby-3.0.0/include/ruby-3.0.0/ruby/backward -I/home/jan/.rvm/rubies/ruby-3.0.0/include/ruby-3.0.0 -I. -I/home/jan/.rvm/usr/include    -O3 -ggdb3 -Wall -Wextra -Wdeprecated-declarations -Wduplicated-cond -Wimplicit-function-declaration -Wimplicit-int -Wmisleading-indentation -Wpointer-arith -Wwrite-strings -Wimplicit-fallthrough=0 -Wmissing-noreturn -Wno-cast-function-type -Wno-constant-logical-operand -Wno-long-long -Wno-missing-field-initializers -Wno-overlength-strings -Wno-packed-bitfield-compat -Wno-parentheses-equality -Wno-self-assign -Wno-tautological-compare -Wno-unused-parameter -Wno-unused-value -Wsuggest-attribute=format -Wsuggest-attribute=noreturn -Wunused-variable  -fPIC conftest.c  -L. -L/home/jan/.rvm/rubies/ruby-3.0.0/lib -Wl,-rpath,/home/jan/.rvm/rubies/ruby-3.0.0/lib -L/home/jan/.rvm/usr/lib -Wl,-rpath,/home/jan/.rvm/usr/lib -L. -fstack-protector-strong -rdynamic -Wl,-export-dynamic    -lssl -lcrypto  -Wl,-rpath,/home/jan/.rvm/rubies/ruby-3.0.0/lib -L/home/jan/.rvm/rubies/ruby-3.0.0/lib -lruby -lssl -lcrypto  -lm   -lc"
conftest.c: In function ‘t’:
conftest.c:17:15: warning: implicit declaration of function ‘SSL_CTX_set_ecdh_auto’; did you mean ‘SSL_CTX_set_ex_data’? [-Wimplicit-function-declaration]
   17 | int t(void) { SSL_CTX_set_ecdh_auto(NULL, 0); return 0; }
      |               ^~~~~~~~~~~~~~~~~~~~~
      |               SSL_CTX_set_ex_data
conftest.c: At top level:
cc1: note: unrecognized command-line option ‘-Wno-self-assign’ may have been intended to silence earlier diagnostics
cc1: note: unrecognized command-line option ‘-Wno-parentheses-equality’ may have been intended to silence earlier diagnostics
cc1: note: unrecognized command-line option ‘-Wno-constant-logical-operand’ may have been intended to silence earlier diagnostics
/usr/bin/ld: /tmp/ccfDruYH.o: in function `t':
/home/jan/projeto pessoal/todo_list/vendor/bundle/ruby/3.0.0/gems/puma-6.4.2/ext/puma_http11/conftest.c:17: undefined reference to `SSL_CTX_set_ecdh_auto'
collect2: error: ld returned 1 exit status
checked program was:
/* begin */
 1: #include "ruby.h"
 2: 
 3: #include <openssl/ssl.h>
 4: 
 5: /*top*/
 6: extern int t(void);
 7: int main(int argc, char **argv)
 8: {
 9:   if (argc > 1000000) {
10:     int (* volatile tp)(void)=(int (*)(void))&t;
11:     printf("%d", (*tp)());
12:   }
13: 
14:   return !!argv[argc];
15: }
16: 
17: int t(void) { SSL_CTX_set_ecdh_auto(NULL, 0); return 0; }
/* end */

--------------------

have_func: checking for SSL_CTX_set_dh_auto(NULL, 0) in openssl/ssl.h... -------------------- no

"gcc -o conftest -I/home/jan/.rvm/rubies/ruby-3.0.0/include/ruby-3.0.0/x86_64-linux -I/home/jan/.rvm/rubies/ruby-3.0.0/include/ruby-3.0.0/ruby/backward -I/home/jan/.rvm/rubies/ruby-3.0.0/include/ruby-3.0.0 -I. -I/home/jan/.rvm/usr/include    -O3 -ggdb3 -Wall -Wextra -Wdeprecated-declarations -Wduplicated-cond -Wimplicit-function-declaration -Wimplicit-int -Wmisleading-indentation -Wpointer-arith -Wwrite-strings -Wimplicit-fallthrough=0 -Wmissing-noreturn -Wno-cast-function-type -Wno-constant-logical-operand -Wno-long-long -Wno-missing-field-initializers -Wno-overlength-strings -Wno-packed-bitfield-compat -Wno-parentheses-equality -Wno-self-assign -Wno-tautological-compare -Wno-unused-parameter -Wno-unused-value -Wsuggest-attribute=format -Wsuggest-attribute=noreturn -Wunused-variable  -fPIC conftest.c  -L. -L/home/jan/.rvm/rubies/ruby-3.0.0/lib -Wl,-rpath,/home/jan/.rvm/rubies/ruby-3.0.0/lib -L/home/jan/.rvm/usr/lib -Wl,-rpath,/home/jan/.rvm/usr/lib -L. -fstack-protector-strong -rdynamic -Wl,-export-dynamic    -lssl -lcrypto  -Wl,-rpath,/home/jan/.rvm/rubies/ruby-3.0.0/lib -L/home/jan/.rvm/rubies/ruby-3.0.0/lib -lruby -lssl -lcrypto  -lm   -lc"
conftest.c: In function ‘t’:
conftest.c:17:15: warning: implicit declaration of function ‘SSL_CTX_set_dh_auto’; did you mean ‘SSL_CTX_set_ex_data’? [-Wimplicit-function-declaration]
   17 | int t(void) { SSL_CTX_set_dh_auto(NULL, 0); return 0; }
      |               ^~~~~~~~~~~~~~~~~~~
      |               SSL_CTX_set_ex_data
conftest.c: At top level:
cc1: note: unrecognized command-line option ‘-Wno-self-assign’ may have been intended to silence earlier diagnostics
cc1: note: unrecognized command-line option ‘-Wno-parentheses-equality’ may have been intended to silence earlier diagnostics
cc1: note: unrecognized command-line option ‘-Wno-constant-logical-operand’ may have been intended to silence earlier diagnostics
/usr/bin/ld: /tmp/ccVqlcMS.o: in function `t':
/home/jan/projeto pessoal/todo_list/vendor/bundle/ruby/3.0.0/gems/puma-6.4.2/ext/puma_http11/conftest.c:17: undefined reference to `SSL_CTX_set_dh_auto'
collect2: error: ld returned 1 exit status
checked program was:
/* begin */
 1: #include "ruby.h"
 2: 
 3: #include <openssl/ssl.h>
 4: 
 5: /*top*/
 6: extern int t(void);
 7: int main(int argc, char **argv)
 8: {
 9:   if (argc > 1000000) {
10:     int (* volatile tp)(void)=(int (*)(void))&t;
11:     printf("%d", (*tp)());
12:   }
13: 
14:   return !!argv[argc];
15: }
16: 
17: int t(void) { SSL_CTX_set_dh_auto(NULL, 0); return 0; }
/* end */

--------------------

have_func: checking for SSL_get1_peer_certificate() in openssl/ssl.h... -------------------- no

"gcc -o conftest -I/home/jan/.rvm/rubies/ruby-3.0.0/include/ruby-3.0.0/x86_64-linux -I/home/jan/.rvm/rubies/ruby-3.0.0/include/ruby-3.0.0/ruby/backward -I/home/jan/.rvm/rubies/ruby-3.0.0/include/ruby-3.0.0 -I. -I/home/jan/.rvm/usr/include    -O3 -ggdb3 -Wall -Wextra -Wdeprecated-declarations -Wduplicated-cond -Wimplicit-function-declaration -Wimplicit-int -Wmisleading-indentation -Wpointer-arith -Wwrite-strings -Wimplicit-fallthrough=0 -Wmissing-noreturn -Wno-cast-function-type -Wno-constant-logical-operand -Wno-long-long -Wno-missing-field-initializers -Wno-overlength-strings -Wno-packed-bitfield-compat -Wno-parentheses-equality -Wno-self-assign -Wno-tautological-compare -Wno-unused-parameter -Wno-unused-value -Wsuggest-attribute=format -Wsuggest-attribute=noreturn -Wunused-variable  -fPIC conftest.c  -L. -L/home/jan/.rvm/rubies/ruby-3.0.0/lib -Wl,-rpath,/home/jan/.rvm/rubies/ruby-3.0.0/lib -L/home/jan/.rvm/usr/lib -Wl,-rpath,/home/jan/.rvm/usr/lib -L. -fstack-protector-strong -rdynamic -Wl,-export-dynamic    -lssl -lcrypto  -Wl,-rpath,/home/jan/.rvm/rubies/ruby-3.0.0/lib -L/home/jan/.rvm/rubies/ruby-3.0.0/lib -lruby -lssl -lcrypto  -lm   -lc"
conftest.c: In function ‘t’:
conftest.c:16:57: error: ‘SSL_get1_peer_certificate’ undeclared (first use in this function); did you mean ‘SSL_get_peer_certificate’?
   16 | int t(void) { void ((*volatile p)()); p = (void ((*)()))SSL_get1_peer_certificate; return !p; }
      |                                                         ^~~~~~~~~~~~~~~~~~~~~~~~~
      |                                                         SSL_get_peer_certificate
conftest.c:16:57: note: each undeclared identifier is reported only once for each function it appears in
conftest.c: At top level:
cc1: note: unrecognized command-line option ‘-Wno-self-assign’ may have been intended to silence earlier diagnostics
cc1: note: unrecognized command-line option ‘-Wno-parentheses-equality’ may have been intended to silence earlier diagnostics
cc1: note: unrecognized command-line option ‘-Wno-constant-logical-operand’ may have been intended to silence earlier diagnostics
checked program was:
/* begin */
 1: #include "ruby.h"
 2: 
 3: #include <openssl/ssl.h>
 4: 
 5: /*top*/
 6: extern int t(void);
 7: int main(int argc, char **argv)
 8: {
 9:   if (argc > 1000000) {
10:     int (* volatile tp)(void)=(int (*)(void))&t;
11:     printf("%d", (*tp)());
12:   }
13: 
14:   return !!argv[argc];
15: }
16: int t(void) { void ((*volatile p)()); p = (void ((*)()))SSL_get1_peer_certificate; return !p; }
/* end */

"gcc -o conftest -I/home/jan/.rvm/rubies/ruby-3.0.0/include/ruby-3.0.0/x86_64-linux -I/home/jan/.rvm/rubies/ruby-3.0.0/include/ruby-3.0.0/ruby/backward -I/home/jan/.rvm/rubies/ruby-3.0.0/include/ruby-3.0.0 -I. -I/home/jan/.rvm/usr/include    -O3 -ggdb3 -Wall -Wextra -Wdeprecated-declarations -Wduplicated-cond -Wimplicit-function-declaration -Wimplicit-int -Wmisleading-indentation -Wpointer-arith -Wwrite-strings -Wimplicit-fallthrough=0 -Wmissing-noreturn -Wno-cast-function-type -Wno-constant-logical-operand -Wno-long-long -Wno-missing-field-initializers -Wno-overlength-strings -Wno-packed-bitfield-compat -Wno-parentheses-equality -Wno-self-assign -Wno-tautological-compare -Wno-unused-parameter -Wno-unused-value -Wsuggest-attribute=format -Wsuggest-attribute=noreturn -Wunused-variable  -fPIC conftest.c  -L. -L/home/jan/.rvm/rubies/ruby-3.0.0/lib -Wl,-rpath,/home/jan/.rvm/rubies/ruby-3.0.0/lib -L/home/jan/.rvm/usr/lib -Wl,-rpath,/home/jan/.rvm/usr/lib -L. -fstack-protector-strong -rdynamic -Wl,-export-dynamic    -lssl -lcrypto  -Wl,-rpath,/home/jan/.rvm/rubies/ruby-3.0.0/lib -L/home/jan/.rvm/rubies/ruby-3.0.0/lib -lruby -lssl -lcrypto  -lm   -lc"
/usr/bin/ld: /tmp/ccqwGAd6.o: in function `t':
/home/jan/projeto pessoal/todo_list/vendor/bundle/ruby/3.0.0/gems/puma-6.4.2/ext/puma_http11/conftest.c:17: undefined reference to `SSL_get1_peer_certificate'
collect2: error: ld returned 1 exit status
checked program was:
/* begin */
 1: #include "ruby.h"
 2: 
 3: #include <openssl/ssl.h>
 4: 
 5: /*top*/
 6: extern int t(void);
 7: int main(int argc, char **argv)
 8: {
 9:   if (argc > 1000000) {
10:     int (* volatile tp)(void)=(int (*)(void))&t;
11:     printf("%d", (*tp)());
12:   }
13: 
14:   return !!argv[argc];
15: }
16: extern void SSL_get1_peer_certificate();
17: int t(void) { SSL_get1_peer_certificate(); return 0; }
/* end */

--------------------

